<?xml version="1.0" encoding="UTF-8"?>
<!-- Generated by org.testng.reporters.JUnitXMLReporter -->
<testsuite ignored="6" hostname="Lakshmi_Mukund" failures="0" tests="1" name="Default test" time="1.545" errors="0" timestamp="2023-11-30T16:35:11 CST">
  <testcase classname="com.test.RestAssuredGitAutomationTest" name="getAllRepository" time="1.249"/>
  <testcase classname="com.test.RestAssuredGitAutomationTest" name="updateARepository" time="0.0">
    <ignored/>
  </testcase> <!-- updateARepository -->
  <testcase classname="com.test.RestAssuredGitAutomationTest" name="getSingleExistingRepository" time="0.0">
    <ignored/>
  </testcase> <!-- getSingleExistingRepository -->
  <testcase classname="com.test.RestAssuredGitAutomationTest" name="deleteNonExistingRepository" time="0.0">
    <ignored/>
  </testcase> <!-- deleteNonExistingRepository -->
  <testcase classname="com.test.RestAssuredGitAutomationTest" name="createARepository" time="0.0">
    <ignored/>
  </testcase> <!-- createARepository -->
  <testcase classname="com.test.RestAssuredGitAutomationTest" name="getSingleNonExistingRepository" time="0.0">
    <ignored/>
  </testcase> <!-- getSingleNonExistingRepository -->
  <testcase classname="com.test.RestAssuredGitAutomationTest" name="deleteExistingRepository" time="0.0">
    <ignored/>
  </testcase> <!-- deleteExistingRepository -->
</testsuite> <!-- Default test -->
